[0m04:03:49.379958 [debug] [MainThread]: Sending event: {'category': 'dbt', 'action': 'invocation', 'label': 'start', 'context': [<snowplow_tracker.self_describing_json.SelfDescribingJson object at 0x00000224CA360760>, <snowplow_tracker.self_describing_json.SelfDescribingJson object at 0x00000224CB417490>, <snowplow_tracker.self_describing_json.SelfDescribingJson object at 0x00000224CB417280>]}


============================== 04:03:49.384957 | 6df5571a-f5d0-42f0-bb51-9f32e28c3478 ==============================
[0m04:03:49.384957 [info ] [MainThread]: Running with dbt=1.9.2
[0m04:03:49.385957 [debug] [MainThread]: running dbt with arguments {'printer_width': '80', 'indirect_selection': 'eager', 'log_cache_events': 'False', 'write_json': 'True', 'partial_parse': 'True', 'cache_selected_only': 'False', 'warn_error': 'None', 'fail_fast': 'False', 'debug': 'False', 'log_path': 'logs', 'version_check': 'True', 'profiles_dir': 'C:\\Users\\hecto\\.dbt', 'use_colors': 'True', 'use_experimental_parser': 'False', 'empty': 'None', 'quiet': 'False', 'no_print': 'None', 'warn_error_options': 'WarnErrorOptions(include=[], exclude=[])', 'invocation_command': 'dbt init dbt_pipeline', 'log_format': 'default', 'introspect': 'True', 'target_path': 'None', 'static_parser': 'True', 'send_anonymous_usage_stats': 'True'}
[0m04:03:49.413304 [debug] [MainThread]: Starter project path: C:\Users\hecto\anaconda3\envs\ticketmaster\lib\site-packages\dbt\include\starter_project
[0m04:03:49.442453 [info ] [MainThread]: 
Your new dbt project "dbt_pipeline" was created!

For more information on how to configure the profiles.yml file,
please consult the dbt documentation here:

  https://docs.getdbt.com/docs/configure-your-profile

One more thing:

Need help? Don't hesitate to reach out to us via GitHub issues or on Slack:

  https://community.getdbt.com/

Happy modeling!

[0m04:03:49.443453 [info ] [MainThread]: Setting up your profile.
[0m04:04:36.638673 [info ] [MainThread]: Profile dbt_pipeline written to C:\Users\hecto\.dbt\profiles.yml using target's profile_template.yml and your supplied values. Run 'dbt debug' to validate the connection.
[0m04:04:36.639675 [debug] [MainThread]: Command `dbt init` succeeded at 04:04:36.639675 after 47.38 seconds
[0m04:04:36.640672 [debug] [MainThread]: Sending event: {'category': 'dbt', 'action': 'invocation', 'label': 'end', 'context': [<snowplow_tracker.self_describing_json.SelfDescribingJson object at 0x00000224CA360760>, <snowplow_tracker.self_describing_json.SelfDescribingJson object at 0x00000224CB405190>, <snowplow_tracker.self_describing_json.SelfDescribingJson object at 0x00000224CB465640>]}
[0m04:04:36.641675 [debug] [MainThread]: Flushing usage events
[0m04:04:37.102563 [debug] [MainThread]: An error was encountered while trying to flush usage events
[0m13:01:14.184372 [debug] [MainThread]: Sending event: {'category': 'dbt', 'action': 'invocation', 'label': 'start', 'context': [<snowplow_tracker.self_describing_json.SelfDescribingJson object at 0x000001E8B28F1670>, <snowplow_tracker.self_describing_json.SelfDescribingJson object at 0x000001E8B39A6490>, <snowplow_tracker.self_describing_json.SelfDescribingJson object at 0x000001E8B39A6250>]}


============================== 13:01:14.189368 | f300be29-1010-4f68-b653-29fc5a9b4f62 ==============================
[0m13:01:14.189368 [info ] [MainThread]: Running with dbt=1.9.2
[0m13:01:14.190371 [debug] [MainThread]: running dbt with arguments {'printer_width': '80', 'indirect_selection': 'eager', 'write_json': 'True', 'log_cache_events': 'False', 'partial_parse': 'True', 'cache_selected_only': 'False', 'warn_error': 'None', 'version_check': 'True', 'fail_fast': 'False', 'log_path': 'logs', 'profiles_dir': 'C:\\Users\\hecto\\.dbt', 'debug': 'False', 'use_colors': 'True', 'use_experimental_parser': 'False', 'empty': 'None', 'quiet': 'False', 'no_print': 'None', 'warn_error_options': 'WarnErrorOptions(include=[], exclude=[])', 'introspect': 'True', 'log_format': 'default', 'invocation_command': 'dbt debug', 'target_path': 'None', 'static_parser': 'True', 'send_anonymous_usage_stats': 'True'}
[0m13:01:14.212670 [info ] [MainThread]: dbt version: 1.9.2
[0m13:01:14.213670 [info ] [MainThread]: python version: 3.9.21
[0m13:01:14.213670 [info ] [MainThread]: python path: C:\Users\hecto\anaconda3\envs\ticketmaster\python.exe
[0m13:01:14.214671 [info ] [MainThread]: os info: Windows-10-10.0.26100-SP0
[0m13:01:15.436499 [info ] [MainThread]: Using profiles dir at C:\Users\hecto\.dbt
[0m13:01:15.437483 [info ] [MainThread]: Using profiles.yml file at C:\Users\hecto\.dbt\profiles.yml
[0m13:01:15.438500 [info ] [MainThread]: Using dbt_project.yml file at C:\Users\hecto\Desktop\TicketMaster\dbt_project.yml
[0m13:01:15.439916 [info ] [MainThread]: adapter type: snowflake
[0m13:01:15.439916 [info ] [MainThread]: adapter version: 1.9.1
[0m13:01:15.440914 [info ] [MainThread]: Configuration:
[0m13:01:15.440914 [info ] [MainThread]:   profiles.yml file [[32mOK found and valid[0m]
[0m13:01:15.441916 [info ] [MainThread]:   dbt_project.yml file [[31mERROR not found[0m]
[0m13:01:15.442917 [info ] [MainThread]: Required dependencies:
[0m13:01:15.442917 [debug] [MainThread]: Executing "git --help"
[0m13:01:15.481121 [debug] [MainThread]: STDOUT: "b"usage: git [--version] [--help] [-C <path>] [-c <name>=<value>]\n           [--exec-path[=<path>]] [--html-path] [--man-path] [--info-path]\n           [-p | --paginate | -P | --no-pager] [--no-replace-objects] [--bare]\n           [--git-dir=<path>] [--work-tree=<path>] [--namespace=<name>]\n           [--super-prefix=<path>] [--config-env=<name>=<envvar>]\n           <command> [<args>]\n\nThese are common Git commands used in various situations:\n\nstart a working area (see also: git help tutorial)\n   clone             Clone a repository into a new directory\n   init              Create an empty Git repository or reinitialize an existing one\n\nwork on the current change (see also: git help everyday)\n   add               Add file contents to the index\n   mv                Move or rename a file, a directory, or a symlink\n   restore           Restore working tree files\n   rm                Remove files from the working tree and from the index\n   sparse-checkout   Initialize and modify the sparse-checkout\n\nexamine the history and state (see also: git help revisions)\n   bisect            Use binary search to find the commit that introduced a bug\n   diff              Show changes between commits, commit and working tree, etc\n   grep              Print lines matching a pattern\n   log               Show commit logs\n   show              Show various types of objects\n   status            Show the working tree status\n\ngrow, mark and tweak your common history\n   branch            List, create, or delete branches\n   commit            Record changes to the repository\n   merge             Join two or more development histories together\n   rebase            Reapply commits on top of another base tip\n   reset             Reset current HEAD to the specified state\n   switch            Switch branches\n   tag               Create, list, delete or verify a tag object signed with GPG\n\ncollaborate (see also: git help workflows)\n   fetch             Download objects and refs from another repository\n   pull              Fetch from and integrate with another repository or a local branch\n   push              Update remote refs along with associated objects\n\n'git help -a' and 'git help -g' list available subcommands and some\nconcept guides. See 'git help <command>' or 'git help <concept>'\nto read about a specific subcommand or concept.\nSee 'git help git' for an overview of the system.\n""
[0m13:01:15.481121 [debug] [MainThread]: STDERR: "b''"
[0m13:01:15.482119 [info ] [MainThread]:  - git [[32mOK found[0m]

[0m13:01:15.483123 [info ] [MainThread]: Connection:
[0m13:01:15.484119 [info ] [MainThread]:   account: njqvsbw-jb34299
[0m13:01:15.484119 [info ] [MainThread]:   user: dbt_transformer
[0m13:01:15.485118 [info ] [MainThread]:   database: TICKETMASTER
[0m13:01:15.486120 [info ] [MainThread]:   warehouse: COMPUTE_WH
[0m13:01:15.487121 [info ] [MainThread]:   role: dbt_transformer_role
[0m13:01:15.488121 [info ] [MainThread]:   schema: RAW
[0m13:01:15.489119 [info ] [MainThread]:   authenticator: None
[0m13:01:15.489119 [info ] [MainThread]:   oauth_client_id: None
[0m13:01:15.490119 [info ] [MainThread]:   query_tag: None
[0m13:01:15.491118 [info ] [MainThread]:   client_session_keep_alive: False
[0m13:01:15.491118 [info ] [MainThread]:   host: None
[0m13:01:15.492118 [info ] [MainThread]:   port: None
[0m13:01:15.493129 [info ] [MainThread]:   proxy_host: None
[0m13:01:15.494119 [info ] [MainThread]:   proxy_port: None
[0m13:01:15.495119 [info ] [MainThread]:   protocol: None
[0m13:01:15.495119 [info ] [MainThread]:   connect_retries: 1
[0m13:01:15.496119 [info ] [MainThread]:   connect_timeout: None
[0m13:01:15.497122 [info ] [MainThread]:   retry_on_database_errors: False
[0m13:01:15.498123 [info ] [MainThread]:   retry_all: False
[0m13:01:15.498123 [info ] [MainThread]:   insecure_mode: False
[0m13:01:15.499119 [info ] [MainThread]:   reuse_connections: True
[0m13:01:15.501122 [info ] [MainThread]: Registered adapter: snowflake=1.9.1
[0m13:01:16.140378 [debug] [MainThread]: Acquiring new snowflake connection 'debug'
[0m13:01:16.419004 [debug] [MainThread]: Using snowflake connection "debug"
[0m13:01:16.420003 [debug] [MainThread]: On debug: select 1 as id
[0m13:01:16.420003 [debug] [MainThread]: Opening a new connection, currently in state init
[0m13:01:17.854664 [debug] [MainThread]: SQL status: SUCCESS 1 in 1.434 seconds
[0m13:01:17.855692 [info ] [MainThread]:   Connection test: [[32mOK connection ok[0m]

[0m13:01:17.856697 [info ] [MainThread]: [31m1 check failed:[0m
[0m13:01:17.857663 [info ] [MainThread]: Project loading failed for the following reason:
 project path <C:\Users\hecto\Desktop\TicketMaster\dbt_project.yml> not found

[0m13:01:17.859700 [debug] [MainThread]: Command `dbt debug` failed at 13:01:17.859700 after 3.80 seconds
[0m13:01:17.859700 [debug] [MainThread]: Connection 'debug' was left open.
[0m13:01:17.860663 [debug] [MainThread]: On debug: Close
[0m13:01:17.952404 [debug] [MainThread]: Sending event: {'category': 'dbt', 'action': 'invocation', 'label': 'end', 'context': [<snowplow_tracker.self_describing_json.SelfDescribingJson object at 0x000001E8B28F1670>, <snowplow_tracker.self_describing_json.SelfDescribingJson object at 0x000001E8B66D3700>, <snowplow_tracker.self_describing_json.SelfDescribingJson object at 0x000001E8B6CC72B0>]}
[0m13:01:17.952404 [debug] [MainThread]: Flushing usage events
[0m13:01:18.373682 [debug] [MainThread]: An error was encountered while trying to flush usage events
[0m18:31:11.045788 [debug] [MainThread]: Sending event: {'category': 'dbt', 'action': 'invocation', 'label': 'start', 'context': [<snowplow_tracker.self_describing_json.SelfDescribingJson object at 0x0000014414EB0760>, <snowplow_tracker.self_describing_json.SelfDescribingJson object at 0x0000014415F66490>, <snowplow_tracker.self_describing_json.SelfDescribingJson object at 0x0000014415F66280>]}


============================== 18:31:11.045788 | c7737dda-c6c3-49b8-af6f-237ea12d57ee ==============================
[0m18:31:11.045788 [info ] [MainThread]: Running with dbt=1.9.2
[0m18:31:11.045788 [debug] [MainThread]: running dbt with arguments {'printer_width': '80', 'indirect_selection': 'eager', 'write_json': 'True', 'log_cache_events': 'False', 'partial_parse': 'True', 'cache_selected_only': 'False', 'warn_error': 'None', 'version_check': 'True', 'debug': 'False', 'log_path': 'logs', 'profiles_dir': 'C:\\Users\\hecto\\.dbt', 'fail_fast': 'False', 'use_colors': 'True', 'use_experimental_parser': 'False', 'empty': 'None', 'quiet': 'False', 'no_print': 'None', 'warn_error_options': 'WarnErrorOptions(include=[], exclude=[])', 'invocation_command': 'dbt debug', 'static_parser': 'True', 'introspect': 'True', 'target_path': 'None', 'log_format': 'default', 'send_anonymous_usage_stats': 'True'}
[0m18:31:11.083353 [info ] [MainThread]: dbt version: 1.9.2
[0m18:31:11.084355 [info ] [MainThread]: python version: 3.9.21
[0m18:31:11.085352 [info ] [MainThread]: python path: C:\Users\hecto\anaconda3\envs\ticketmaster\python.exe
[0m18:31:11.086352 [info ] [MainThread]: os info: Windows-10-10.0.26100-SP0
[0m18:31:12.634631 [info ] [MainThread]: Using profiles dir at C:\Users\hecto\.dbt
[0m18:31:12.635734 [info ] [MainThread]: Using profiles.yml file at C:\Users\hecto\.dbt\profiles.yml
[0m18:31:12.635734 [info ] [MainThread]: Using dbt_project.yml file at C:\Users\hecto\Desktop\TicketMaster\dbt_project.yml
[0m18:31:12.637731 [info ] [MainThread]: adapter type: snowflake
[0m18:31:12.638732 [info ] [MainThread]: adapter version: 1.9.1
[0m18:31:12.638732 [info ] [MainThread]: Configuration:
[0m18:31:12.639733 [info ] [MainThread]:   profiles.yml file [[32mOK found and valid[0m]
[0m18:31:12.640731 [info ] [MainThread]:   dbt_project.yml file [[31mERROR not found[0m]
[0m18:31:12.641518 [info ] [MainThread]: Required dependencies:
[0m18:31:12.641518 [debug] [MainThread]: Executing "git --help"
[0m18:31:12.696464 [debug] [MainThread]: STDOUT: "b"usage: git [--version] [--help] [-C <path>] [-c <name>=<value>]\n           [--exec-path[=<path>]] [--html-path] [--man-path] [--info-path]\n           [-p | --paginate | -P | --no-pager] [--no-replace-objects] [--bare]\n           [--git-dir=<path>] [--work-tree=<path>] [--namespace=<name>]\n           [--super-prefix=<path>] [--config-env=<name>=<envvar>]\n           <command> [<args>]\n\nThese are common Git commands used in various situations:\n\nstart a working area (see also: git help tutorial)\n   clone             Clone a repository into a new directory\n   init              Create an empty Git repository or reinitialize an existing one\n\nwork on the current change (see also: git help everyday)\n   add               Add file contents to the index\n   mv                Move or rename a file, a directory, or a symlink\n   restore           Restore working tree files\n   rm                Remove files from the working tree and from the index\n   sparse-checkout   Initialize and modify the sparse-checkout\n\nexamine the history and state (see also: git help revisions)\n   bisect            Use binary search to find the commit that introduced a bug\n   diff              Show changes between commits, commit and working tree, etc\n   grep              Print lines matching a pattern\n   log               Show commit logs\n   show              Show various types of objects\n   status            Show the working tree status\n\ngrow, mark and tweak your common history\n   branch            List, create, or delete branches\n   commit            Record changes to the repository\n   merge             Join two or more development histories together\n   rebase            Reapply commits on top of another base tip\n   reset             Reset current HEAD to the specified state\n   switch            Switch branches\n   tag               Create, list, delete or verify a tag object signed with GPG\n\ncollaborate (see also: git help workflows)\n   fetch             Download objects and refs from another repository\n   pull              Fetch from and integrate with another repository or a local branch\n   push              Update remote refs along with associated objects\n\n'git help -a' and 'git help -g' list available subcommands and some\nconcept guides. See 'git help <command>' or 'git help <concept>'\nto read about a specific subcommand or concept.\nSee 'git help git' for an overview of the system.\n""
[0m18:31:12.697463 [debug] [MainThread]: STDERR: "b''"
[0m18:31:12.697463 [info ] [MainThread]:  - git [[32mOK found[0m]

[0m18:31:12.697463 [info ] [MainThread]: Connection:
[0m18:31:12.697463 [info ] [MainThread]:   account: njqvsbw-jb34299
[0m18:31:12.697463 [info ] [MainThread]:   user: dbt_transformer
[0m18:31:12.697463 [info ] [MainThread]:   database: TICKETMASTER
[0m18:31:12.697463 [info ] [MainThread]:   warehouse: COMPUTE_WH
[0m18:31:12.697463 [info ] [MainThread]:   role: dbt_transformer_role
[0m18:31:12.697463 [info ] [MainThread]:   schema: RAW
[0m18:31:12.697463 [info ] [MainThread]:   authenticator: None
[0m18:31:12.697463 [info ] [MainThread]:   oauth_client_id: None
[0m18:31:12.705543 [info ] [MainThread]:   query_tag: None
[0m18:31:12.706554 [info ] [MainThread]:   client_session_keep_alive: False
[0m18:31:12.707901 [info ] [MainThread]:   host: None
[0m18:31:12.709965 [info ] [MainThread]:   port: None
[0m18:31:12.710960 [info ] [MainThread]:   proxy_host: None
[0m18:31:12.712112 [info ] [MainThread]:   proxy_port: None
[0m18:31:12.713055 [info ] [MainThread]:   protocol: None
[0m18:31:12.714088 [info ] [MainThread]:   connect_retries: 1
[0m18:31:12.715087 [info ] [MainThread]:   connect_timeout: None
[0m18:31:12.715551 [info ] [MainThread]:   retry_on_database_errors: False
[0m18:31:12.717570 [info ] [MainThread]:   retry_all: False
[0m18:31:12.718358 [info ] [MainThread]:   insecure_mode: False
[0m18:31:12.718358 [info ] [MainThread]:   reuse_connections: True
[0m18:31:12.718358 [info ] [MainThread]: Registered adapter: snowflake=1.9.1
[0m18:31:13.398280 [debug] [MainThread]: Acquiring new snowflake connection 'debug'
[0m18:31:13.690443 [debug] [MainThread]: Using snowflake connection "debug"
[0m18:31:13.690443 [debug] [MainThread]: On debug: select 1 as id
[0m18:31:13.690443 [debug] [MainThread]: Opening a new connection, currently in state init
[0m18:31:14.593568 [debug] [MainThread]: SQL status: SUCCESS 1 in 0.905 seconds
[0m18:31:14.599471 [info ] [MainThread]:   Connection test: [[32mOK connection ok[0m]

[0m18:31:14.600932 [info ] [MainThread]: [31m1 check failed:[0m
[0m18:31:14.600932 [info ] [MainThread]: Project loading failed for the following reason:
 project path <C:\Users\hecto\Desktop\TicketMaster\dbt_project.yml> not found

[0m18:31:14.600932 [debug] [MainThread]: Command `dbt debug` failed at 18:31:14.600932 after 3.74 seconds
[0m18:31:14.600932 [debug] [MainThread]: Connection 'debug' was left open.
[0m18:31:14.600932 [debug] [MainThread]: On debug: Close
[0m18:31:14.697294 [debug] [MainThread]: Sending event: {'category': 'dbt', 'action': 'invocation', 'label': 'end', 'context': [<snowplow_tracker.self_describing_json.SelfDescribingJson object at 0x0000014414EB0760>, <snowplow_tracker.self_describing_json.SelfDescribingJson object at 0x0000014415F4BEB0>, <snowplow_tracker.self_describing_json.SelfDescribingJson object at 0x00000144191E7E50>]}
[0m18:31:14.697294 [debug] [MainThread]: Flushing usage events
[0m18:31:15.380120 [debug] [MainThread]: An error was encountered while trying to flush usage events
[0m20:01:59.572556 [debug] [MainThread]: Sending event: {'category': 'dbt', 'action': 'invocation', 'label': 'start', 'context': [<snowplow_tracker.self_describing_json.SelfDescribingJson object at 0x000002408C7C0700>, <snowplow_tracker.self_describing_json.SelfDescribingJson object at 0x000002408D884BB0>, <snowplow_tracker.self_describing_json.SelfDescribingJson object at 0x000002408D884DC0>]}


============================== 20:01:59.588276 | 337d167e-7d7e-4e43-97a4-7ef8dc1eaf18 ==============================
[0m20:01:59.588276 [info ] [MainThread]: Running with dbt=1.9.2
[0m20:01:59.588276 [debug] [MainThread]: running dbt with arguments {'printer_width': '80', 'indirect_selection': 'eager', 'log_cache_events': 'False', 'write_json': 'True', 'partial_parse': 'True', 'cache_selected_only': 'False', 'profiles_dir': 'C:\\Users\\hecto\\.dbt', 'fail_fast': 'False', 'debug': 'False', 'log_path': 'logs', 'version_check': 'True', 'warn_error': 'None', 'use_colors': 'True', 'use_experimental_parser': 'False', 'empty': 'False', 'quiet': 'False', 'no_print': 'None', 'warn_error_options': 'WarnErrorOptions(include=[], exclude=[])', 'static_parser': 'True', 'introspect': 'True', 'log_format': 'default', 'target_path': 'None', 'invocation_command': 'dbt run', 'send_anonymous_usage_stats': 'True'}
[0m20:01:59.588276 [error] [MainThread]: Encountered an error:
Runtime Error
  No dbt_project.yml found at expected path C:\Users\hecto\Desktop\TicketMaster\dbt_project.yml
  Verify that each entry within packages.yml (and their transitive dependencies) contains a file named dbt_project.yml
  
[0m20:01:59.588276 [debug] [MainThread]: Command `dbt run` failed at 20:01:59.588276 after 0.12 seconds
[0m20:01:59.588276 [debug] [MainThread]: Sending event: {'category': 'dbt', 'action': 'invocation', 'label': 'end', 'context': [<snowplow_tracker.self_describing_json.SelfDescribingJson object at 0x000002408C7C0700>, <snowplow_tracker.self_describing_json.SelfDescribingJson object at 0x000002408D884DC0>, <snowplow_tracker.self_describing_json.SelfDescribingJson object at 0x000002408D884AF0>]}
[0m20:01:59.588276 [debug] [MainThread]: Flushing usage events
[0m20:02:00.028092 [debug] [MainThread]: An error was encountered while trying to flush usage events
